PO.htm
project/PJX_Page_h.htm
project/PJX_Page_dbp.htm
project/PJX_Page_dep.htm
project/PJX_Page_dop.htm
classes/VCX_Page.htm
classes/bin_2_text.vcx/Main_h.htm
classes/bin_2_text.vcx/Main_t.htm
classes/bin_2_text.vcx/cls.api_apprun.htm
classes/bin_2_text.vcx/cls.api_apprun.checkprocessexitcode.htm
classes/bin_2_text.vcx/cls.api_apprun.destroy.htm
classes/bin_2_text.vcx/cls.api_apprun.extractdword.htm
classes/bin_2_text.vcx/cls.api_apprun.getprochandle.htm
classes/bin_2_text.vcx/cls.api_apprun.init.htm
classes/bin_2_text.vcx/cls.api_apprun.killproc.htm
classes/bin_2_text.vcx/cls.api_apprun.launchapp.htm
classes/bin_2_text.vcx/cls.api_apprun.launchappandwait.htm
classes/bin_2_text.vcx/cls.api_apprun.parseprocessinfostruc.htm
classes/bin_2_text.vcx/cls.api_apprun.releasehandle.htm
classes/bin_2_text.vcx/cls.cusenvironment.htm
classes/bin_2_text.vcx/cls.cusenvironment.destroy.htm
classes/bin_2_text.vcx/cls.cusenvironment.init.htm
classes/bin_2_text.vcx/cls.cusenvironment.reset_oldresource.htm
classes/bin_2_text.vcx/cls.cusenvironment.restore_.htm
classes/bin_2_text.vcx/cls.cusenvironment.restore_global.htm
classes/bin_2_text.vcx/cls.cusenvironment.restore_private.htm
classes/bin_2_text.vcx/cls.cusenvironment.restore_toolbars.htm
classes/bin_2_text.vcx/cls.cusenvironment.set_.htm
classes/bin_2_text.vcx/cls.cusenvironment.set_global.htm
classes/bin_2_text.vcx/cls.cusenvironment.set_private.htm
classes/bin_2_text.vcx/cls.cusenvironment.store_.htm
classes/bin_2_text.vcx/cls.cusenvironment.store_global.htm
classes/bin_2_text.vcx/cls.cusenvironment.store_private.htm
classes/bin_2_text.vcx/cls.cusenvironment.store_toolbars.htm
classes/bin_2_text.vcx/cls.cusstorage.htm
classes/bin_2_text.vcx/cls.cusstorage.check_scx.htm
classes/bin_2_text.vcx/cls.cusstorage.check_vcx.htm
classes/bin_2_text.vcx/cls.cusstorage.convert.htm
classes/bin_2_text.vcx/cls.cusstorage.error.htm
classes/bin_2_text.vcx/cls.cusstorage.filestoprocess.htm
classes/bin_2_text.vcx/cls.cusstorage.get_converter.htm
classes/bin_2_text.vcx/cls.cusstorage.get_dbc_tables.htm
classes/bin_2_text.vcx/cls.cusstorage.get_md5.htm
classes/bin_2_text.vcx/cls.cusstorage.oget_setting.htm
classes/bin_2_text.vcx/cls.cusstorage.process_bin2txt.htm
classes/bin_2_text.vcx/cls.cusstorage.process_bin2txt_dir.htm
classes/bin_2_text.vcx/cls.cusstorage.process_txt2bin.htm
classes/bin_2_text.vcx/cls.cusstorage.process_txt2bin_dir.htm
classes/bin_2_text.vcx/cls.cusstorage.storage_check.htm
classes/bin_2_text.vcx/cls.cusstorage.storage_check_bin2prg.htm
classes/bin_2_text.vcx/cls.cusstorage.storage_close.htm
classes/bin_2_text.vcx/cls.cusstorage.storage_get.htm
classes/bin_2_text.vcx/cls.cusstorage.storage_location.htm
classes/bin_2_text.vcx/cls.cusstorage.storage_open.htm
classes/bin_2_text.vcx/cls.cusstorage.storage_set.htm
classes/bin_2_text.vcx/cls.cusstorage.sync_file.htm
classes/bin_2_text.vcx/cls.cusstorage.sync_objects.htm
classes/bin_2_text.vcx/cls.de_interface.htm
classes/bin_2_text.vcx/cls.de_interface.capbintext.autoopen.htm
classes/bin_2_text.vcx/cls.de_interface.capbintext.init.htm
classes/bin_2_text.vcx/cls.frminterface.htm
classes/bin_2_text.vcx/cls.frminterface.del_file.htm
classes/bin_2_text.vcx/cls.frminterface.init.htm
classes/bin_2_text.vcx/cls.frminterface.new_file.htm
classes/bin_2_text.vcx/cls.frminterface.pick_file.htm
classes/bin_2_text.vcx/cls.frminterface.revert_file.htm
classes/bin_2_text.vcx/cls.frminterface.save_file.htm
classes/bin_2_text.vcx/cls.frminterface.show.htm
classes/bin_2_text.vcx/cls.frminterface.storage_get.htm
classes/bin_2_text.vcx/cls.frminterface.storage_put.htm
classes/bin_2_text.vcx/cls.frminterface.cmdcancel.click.htm
classes/bin_2_text.vcx/cls.frminterface.cmdconfig.click.htm
classes/bin_2_text.vcx/cls.frminterface.cmdconfig_del.click.htm
classes/bin_2_text.vcx/cls.frminterface.cmddel.click.htm
classes/bin_2_text.vcx/cls.frminterface.cmdgui.click.htm
classes/bin_2_text.vcx/cls.frminterface.cmdmain.click.htm
classes/bin_2_text.vcx/cls.frminterface.cmdnew.click.htm
classes/bin_2_text.vcx/cls.frminterface.cmdok.click.htm
classes/bin_2_text.vcx/cls.frminterface.cmdpick.click.htm
classes/bin_2_text.vcx/cls.frminterface.txtconfig.when.htm
classes/bin_2_text.vcx/cls.frminterface.txtgui.when.htm
classes/bin_2_text.vcx/cls.frminterface.txtmain.when.htm
classes/bin_2_text.vcx/cls.frminterface.txtpath.when.htm
code/PRG_Page_h.htm
code/PRG_Page_dPRG.htm
code/runb2t.prg/Main_h.htm
code/runb2t.prg/Main_f.htm
code/runb2t.prg/Main_d.main program.htm
code/runb2t.prg/Main_d.catcherror.htm
code/runb2t.prg/Main_d.compare_verno.htm
code/runb2t.prg/Main_d.construct_objects.htm
code/runb2t.prg/Main_d.convert_array_2bin.htm
code/runb2t.prg/Main_d.convert_array_2txt.htm
code/runb2t.prg/Main_d.convert_class_2bin.htm
code/runb2t.prg/Main_d.convert_directory_2bin.htm
code/runb2t.prg/Main_d.convert_directory_2txt.htm
code/runb2t.prg/Main_d.convert_file_2bin.htm
code/runb2t.prg/Main_d.convert_file_2txt.htm
code/runb2t.prg/Main_d.convert_pjx_2bin.htm
code/runb2t.prg/Main_d.convert_pjx_2txt.htm
code/runb2t.prg/Main_d.destruct_objects.htm
code/runb2t.prg/Main_d.dir_action_pjx.htm
code/runb2t.prg/Main_d.get_git_path.htm
code/runb2t.prg/Main_d.getbasedir.htm
code/runb2t.prg/Main_d.getbranch.htm
code/runb2t.prg/Main_d.getgitbasedir.htm
code/runb2t.prg/Main_d.git_bash.htm
code/runb2t.prg/Main_d.git_gitk.htm
code/runb2t.prg/Main_d.helpmsg.htm
code/runb2t.prg/Main_d.initmenu.htm
code/runb2t.prg/Main_d.inter_active.htm
code/runb2t.prg/Main_d.is_git.htm
code/runb2t.prg/Main_d.isfile.htm
code/runb2t.prg/Main_d.pjx2commit.htm
code/runb2t.prg/Main_d.print_activebranch.htm
code/runb2t.prg/Main_d.restore_ideprojects.htm
code/runb2t.prg/Main_d.run_extapp.htm
code/runb2t.prg/Main_d.run_git.htm
code/runb2t.prg/Main_d.scandir.htm
code/runb2t.prg/Main_d.store_ideprojects.htm
code/runb2t.prg/Main_d.switcherrorhandler.htm
menus/MNX_Page.htm
menus/bin2text.mnx/Main_h.htm
menus/bin2text.mnx/Main_go.htm
menus/bin2text.mnx/Main_dqv.htm
menus/bin2text.mnx/Main_ddR.htm
menus/bin2text.mnx/ID_3.htm
menus/bin2text.mnx/ID_5.htm
menus/bin2text.mnx/ID_6.htm
menus/bin2text.mnx/ID_7.htm
menus/bin2text.mnx/ID_9.htm
menus/bin2text.mnx/ID_10.htm
menus/bin2text.mnx/ID_11.htm
menus/bin2text.mnx/ID_12.htm
menus/bin2text.mnx/ID_13.htm
menus/bin2text.mnx/ID_14.htm
menus/bin2text.mnx/ID_15.htm
menus/bin2text.mnx/ID_16.htm
menus/bin2text.mnx/ID_17.htm
menus/bin2text.mnx/ID_18.htm
menus/bin2text.mnx/ID_20.htm
menus/bin2text.mnx/ID_21.htm
menus/bin2text.mnx/ID_22.htm
menus/bin2text.mnx/ID_23.htm
menus/bin2text.mnx/ID_24.htm
menus/bin2text.mnx/ID_25.htm
menus/bin2text.mnx/ID_27.htm
menus/bin2text.mnx/ID_28.htm
menus/bin2text.mnx/ID_29.htm
menus/bin2text.mnx/ID_30.htm
menus/bin2text.mnx/ID_31.htm
menus/bin2text.mnx/ID_32.htm
menus/bin2text.mnx/ID_33.htm
menus/bin2text.mnx/ID_35.htm
menus/bin2text.mnx/ID_36.htm
menus/bin2text.mnx/ID_38.htm
menus/bin2text.mnx/ID_39.htm
Custom.htm
GCT.htm
Sta.htm
